<?xml version="1.0" encoding="UTF-8"?>
<coverage generated="1752346069950" clover="3.2.0">
  <project timestamp="1752346069951" name="All files">
    <metrics statements="35" coveredstatements="35" conditionals="6" coveredconditionals="4" methods="4" coveredmethods="4" elements="45" coveredelements="43" complexity="0" loc="35" ncloc="35" packages="3" files="3" classes="3"/>
    <package name="controllers">
      <metrics statements="24" coveredstatements="24" conditionals="6" coveredconditionals="4" methods="4" coveredmethods="4"/>
      <file name="bugController.js" path="/Users/mac/Documents/Feb 2025 Cohort/mern-fullstack/Week 6/Class activity /mern-bug-tracker/backend/controllers/bugController.js">
        <metrics statements="24" coveredstatements="24" conditionals="6" coveredconditionals="4" methods="4" coveredmethods="4"/>
        <line num="1" count="2" type="stmt"/>
        <line num="4" count="2" type="stmt"/>
        <line num="5" count="4" type="stmt"/>
        <line num="6" count="4" type="cond" truecount="2" falsecount="0"/>
        <line num="7" count="2" type="stmt"/>
        <line num="9" count="2" type="stmt"/>
        <line num="10" count="2" type="stmt"/>
        <line num="14" count="2" type="stmt"/>
        <line num="15" count="1" type="stmt"/>
        <line num="16" count="1" type="stmt"/>
        <line num="20" count="2" type="stmt"/>
        <line num="21" count="1" type="stmt"/>
        <line num="22" count="1" type="stmt"/>
        <line num="24" count="1" type="stmt"/>
        <line num="25" count="1" type="cond" truecount="1" falsecount="1"/>
        <line num="27" count="1" type="stmt"/>
        <line num="28" count="1" type="stmt"/>
        <line num="29" count="1" type="stmt"/>
        <line num="33" count="2" type="stmt"/>
        <line num="34" count="1" type="stmt"/>
        <line num="36" count="1" type="stmt"/>
        <line num="37" count="1" type="cond" truecount="1" falsecount="1"/>
        <line num="39" count="1" type="stmt"/>
        <line num="43" count="2" type="stmt"/>
      </file>
    </package>
    <package name="models">
      <metrics statements="3" coveredstatements="3" conditionals="0" coveredconditionals="0" methods="0" coveredmethods="0"/>
      <file name="bugModel.js" path="/Users/mac/Documents/Feb 2025 Cohort/mern-fullstack/Week 6/Class activity /mern-bug-tracker/backend/models/bugModel.js">
        <metrics statements="3" coveredstatements="3" conditionals="0" coveredconditionals="0" methods="0" coveredmethods="0"/>
        <line num="1" count="2" type="stmt"/>
        <line num="3" count="2" type="stmt"/>
        <line num="14" count="2" type="stmt"/>
      </file>
    </package>
    <package name="routes">
      <metrics statements="8" coveredstatements="8" conditionals="0" coveredconditionals="0" methods="0" coveredmethods="0"/>
      <file name="bugRoutes.js" path="/Users/mac/Documents/Feb 2025 Cohort/mern-fullstack/Week 6/Class activity /mern-bug-tracker/backend/routes/bugRoutes.js">
        <metrics statements="8" coveredstatements="8" conditionals="0" coveredconditionals="0" methods="0" coveredmethods="0"/>
        <line num="1" count="2" type="stmt"/>
        <line num="2" count="2" type="stmt"/>
        <line num="8" count="2" type="stmt"/>
        <line num="10" count="2" type="stmt"/>
        <line num="11" count="2" type="stmt"/>
        <line num="12" count="2" type="stmt"/>
        <line num="13" count="2" type="stmt"/>
        <line num="15" count="2" type="stmt"/>
      </file>
    </package>
  </project>
</coverage>
