{"/Users/mac/Documents/Feb 2025 Cohort/mern-fullstack/Week 6/Class activity /mern-bug-tracker/backend/controllers/bugController.js": {"path":"/Users/mac/Documents/Feb 2025 Cohort/mern-fullstack/Week 6/Class activity /mern-bug-tracker/backend/controllers/bugController.js","statementMap":{"0":{"start":{"line":1,"column":12},"end":{"line":1,"column":41}},"1":{"start":{"line":4,"column":18},"end":{"line":11,"column":1}},"2":{"start":{"line":5,"column":33},"end":{"line":5,"column":41}},"3":{"start":{"line":6,"column":2},"end":{"line":8,"column":3}},"4":{"start":{"line":7,"column":4},"end":{"line":7,"column":66}},"5":{"start":{"line":9,"column":14},"end":{"line":9,"column":54}},"6":{"start":{"line":10,"column":2},"end":{"line":10,"column":28}},"7":{"start":{"line":14,"column":16},"end":{"line":17,"column":1}},"8":{"start":{"line":15,"column":15},"end":{"line":15,"column":31}},"9":{"start":{"line":16,"column":2},"end":{"line":16,"column":29}},"10":{"start":{"line":20,"column":18},"end":{"line":30,"column":1}},"11":{"start":{"line":21,"column":17},"end":{"line":21,"column":27}},"12":{"start":{"line":22,"column":21},"end":{"line":22,"column":29}},"13":{"start":{"line":24,"column":14},"end":{"line":24,"column":36}},"14":{"start":{"line":25,"column":2},"end":{"line":25,"column":70}},"15":{"start":{"line":25,"column":12},"end":{"line":25,"column":70}},"16":{"start":{"line":27,"column":2},"end":{"line":27,"column":22}},"17":{"start":{"line":28,"column":21},"end":{"line":28,"column":37}},"18":{"start":{"line":29,"column":2},"end":{"line":29,"column":35}},"19":{"start":{"line":33,"column":18},"end":{"line":40,"column":1}},"20":{"start":{"line":34,"column":17},"end":{"line":34,"column":27}},"21":{"start":{"line":36,"column":14},"end":{"line":36,"column":45}},"22":{"start":{"line":37,"column":2},"end":{"line":37,"column":70}},"23":{"start":{"line":37,"column":12},"end":{"line":37,"column":70}},"24":{"start":{"line":39,"column":2},"end":{"line":39,"column":51}},"25":{"start":{"line":43,"column":0},"end":{"line":48,"column":2}}},"fnMap":{"0":{"name":"(anonymous_0)","decl":{"start":{"line":4,"column":18},"end":{"line":4,"column":19}},"loc":{"start":{"line":4,"column":38},"end":{"line":11,"column":1}},"line":4},"1":{"name":"(anonymous_1)","decl":{"start":{"line":14,"column":16},"end":{"line":14,"column":17}},"loc":{"start":{"line":14,"column":36},"end":{"line":17,"column":1}},"line":14},"2":{"name":"(anonymous_2)","decl":{"start":{"line":20,"column":18},"end":{"line":20,"column":19}},"loc":{"start":{"line":20,"column":38},"end":{"line":30,"column":1}},"line":20},"3":{"name":"(anonymous_3)","decl":{"start":{"line":33,"column":18},"end":{"line":33,"column":19}},"loc":{"start":{"line":33,"column":38},"end":{"line":40,"column":1}},"line":33}},"branchMap":{"0":{"loc":{"start":{"line":6,"column":2},"end":{"line":8,"column":3}},"type":"if","locations":[{"start":{"line":6,"column":2},"end":{"line":8,"column":3}},{"start":{},"end":{}}],"line":6},"1":{"loc":{"start":{"line":25,"column":2},"end":{"line":25,"column":70}},"type":"if","locations":[{"start":{"line":25,"column":2},"end":{"line":25,"column":70}},{"start":{},"end":{}}],"line":25},"2":{"loc":{"start":{"line":37,"column":2},"end":{"line":37,"column":70}},"type":"if","locations":[{"start":{"line":37,"column":2},"end":{"line":37,"column":70}},{"start":{},"end":{}}],"line":37}},"s":{"0":2,"1":2,"2":4,"3":4,"4":2,"5":2,"6":2,"7":2,"8":1,"9":1,"10":2,"11":1,"12":1,"13":1,"14":1,"15":0,"16":1,"17":1,"18":1,"19":2,"20":1,"21":1,"22":1,"23":0,"24":1,"25":2},"f":{"0":4,"1":1,"2":1,"3":1},"b":{"0":[2,2],"1":[0,1],"2":[0,1]},"_coverageSchema":"1a1c01bbd47fc00a2c39e90264f33305004495a9","hash":"18b9ca4634a1c58541b8d117ef487b7f7d4f43df"}
,"/Users/mac/Documents/Feb 2025 Cohort/mern-fullstack/Week 6/Class activity /mern-bug-tracker/backend/models/bugModel.js": {"path":"/Users/mac/Documents/Feb 2025 Cohort/mern-fullstack/Week 6/Class activity /mern-bug-tracker/backend/models/bugModel.js","statementMap":{"0":{"start":{"line":1,"column":17},"end":{"line":1,"column":36}},"1":{"start":{"line":3,"column":18},"end":{"line":12,"column":2}},"2":{"start":{"line":14,"column":0},"end":{"line":14,"column":50}}},"fnMap":{},"branchMap":{},"s":{"0":2,"1":2,"2":2},"f":{},"b":{},"_coverageSchema":"1a1c01bbd47fc00a2c39e90264f33305004495a9","hash":"048f143f34588cc8928547bfde8c47b22e2f1224"}
,"/Users/mac/Documents/Feb 2025 Cohort/mern-fullstack/Week 6/Class activity /mern-bug-tracker/backend/routes/bugRoutes.js": {"path":"/Users/mac/Documents/Feb 2025 Cohort/mern-fullstack/Week 6/Class activity /mern-bug-tracker/backend/routes/bugRoutes.js","statementMap":{"0":{"start":{"line":1,"column":16},"end":{"line":1,"column":34}},"1":{"start":{"line":2,"column":15},"end":{"line":2,"column":31}},"2":{"start":{"line":8,"column":4},"end":{"line":8,"column":43}},"3":{"start":{"line":10,"column":0},"end":{"line":10,"column":28}},"4":{"start":{"line":11,"column":0},"end":{"line":11,"column":25}},"5":{"start":{"line":12,"column":0},"end":{"line":12,"column":30}},"6":{"start":{"line":13,"column":0},"end":{"line":13,"column":33}},"7":{"start":{"line":15,"column":0},"end":{"line":15,"column":24}}},"fnMap":{},"branchMap":{},"s":{"0":2,"1":2,"2":2,"3":2,"4":2,"5":2,"6":2,"7":2},"f":{},"b":{},"_coverageSchema":"1a1c01bbd47fc00a2c39e90264f33305004495a9","hash":"41af4b7888d2843275ef587f55cdaa6df5fa41d2"}
}
