TN:
SF:controllers/bugController.js
FN:4,(anonymous_0)
FN:14,(anonymous_1)
FN:20,(anonymous_2)
FN:33,(anonymous_3)
FNF:4
FNH:4
FNDA:4,(anonymous_0)
FNDA:1,(anonymous_1)
FNDA:1,(anonymous_2)
FNDA:1,(anonymous_3)
DA:1,2
DA:4,2
DA:5,4
DA:6,4
DA:7,2
DA:9,2
DA:10,2
DA:14,2
DA:15,1
DA:16,1
DA:20,2
DA:21,1
DA:22,1
DA:24,1
DA:25,1
DA:27,1
DA:28,1
DA:29,1
DA:33,2
DA:34,1
DA:36,1
DA:37,1
DA:39,1
DA:43,2
LF:24
LH:24
BRDA:6,0,0,2
BRDA:6,0,1,2
BRDA:25,1,0,0
BRDA:25,1,1,1
BRDA:37,2,0,0
BRDA:37,2,1,1
BRF:6
BRH:4
end_of_record
TN:
SF:models/bugModel.js
FNF:0
FNH:0
DA:1,2
DA:3,2
DA:14,2
LF:3
LH:3
BRF:0
BRH:0
end_of_record
TN:
SF:routes/bugRoutes.js
FNF:0
FNH:0
DA:1,2
DA:2,2
DA:8,2
DA:10,2
DA:11,2
DA:12,2
DA:13,2
DA:15,2
LF:8
LH:8
BRF:0
BRH:0
end_of_record
